<?xml version="1.0" encoding="utf-8"?><testsuites name="pytest tests"><testsuite name="pytest" errors="0" failures="0" skipped="0" tests="20" time="13.344" timestamp="2026-06-09T10:01:29.195733+00:00" hostname="agent-env-99a2359c-3759-4329-b3f9-0bc674352e1b"><testcase classname="backend.tests.backend_test" name="test_register_new_user_seeds_categories" time="0.631" /><testcase classname="backend.tests.backend_test" name="test_login_admin_and_me" time="0.492" /><testcase classname="backend.tests.backend_test" name="test_create_list_delete_category" time="0.354" /><testcase classname="backend.tests.backend_test" name="test_title_crud_and_stats" time="0.514" /><testcase classname="backend.tests.backend_test" name="test_metadata_search" time="0.593" /><testcase classname="backend.tests.backend_test" name="test_apikey_extension_suggestion_flow" time="1.452" /><testcase classname="backend.tests.backend_test" name="test_patch_theme" time="0.305" /><testcase classname="backend.tests.backend_test" name="test_patch_settings_updates_fields" time="0.196" /><testcase classname="backend.tests.backend_test" name="test_patch_settings_username_taken_returns_400" time="0.446" /><testcase classname="backend.tests.backend_test" name="test_register_two_users_same_name_unique_usernames" time="0.683" /><testcase classname="backend.tests.backend_test" name="test_public_profile_404_when_private" time="0.409" /><testcase classname="backend.tests.backend_test" name="test_public_profile_returns_data_when_public" time="0.313" /><testcase classname="backend.tests.backend_test" name="test_public_titles_strips_notes" time="0.648" /><testcase classname="backend.tests.backend_test" name="test_extension_scan_auto_accept_creates_title_directly" time="0.858" /><testcase classname="backend.tests.backend_test" name="test_extension_scan_without_auto_accept_creates_only_pending" time="0.977" /><testcase classname="backend.tests.backend_test" name="test_stats_returns_hours_and_by_category_shape" time="0.104" /><testcase classname="backend.tests.backend_test" name="test_kdrama_two_episodes_yield_120_minutes_2_hours" time="0.646" /><testcase classname="backend.tests.backend_test" name="test_activity_requires_auth" time="0.101" /><testcase classname="backend.tests.backend_test" name="test_activity_logs_lifecycle_events_and_limit_capping" time="1.646" /><testcase classname="backend.tests.backend_test" name="test_activity_logged_for_suggestion_accept_and_auto_accept" time="1.807" /></testsuite></testsuites>