<?xml version="1.0" encoding="utf-8"?><testsuites name="pytest tests"><testsuite name="pytest" errors="0" failures="0" skipped="0" tests="15" time="8.584" timestamp="2026-06-09T09:33:58.813608+00:00" hostname="agent-env-99a2359c-3759-4329-b3f9-0bc674352e1b"><testcase classname="backend.tests.backend_test" name="test_register_new_user_seeds_categories" time="0.498" /><testcase classname="backend.tests.backend_test" name="test_login_admin_and_me" time="0.434" /><testcase classname="backend.tests.backend_test" name="test_create_list_delete_category" time="0.322" /><testcase classname="backend.tests.backend_test" name="test_title_crud_and_stats" time="0.505" /><testcase classname="backend.tests.backend_test" name="test_metadata_search" time="0.630" /><testcase classname="backend.tests.backend_test" name="test_apikey_extension_suggestion_flow" time="1.255" /><testcase classname="backend.tests.backend_test" name="test_patch_theme" time="0.310" /><testcase classname="backend.tests.backend_test" name="test_patch_settings_updates_fields" time="0.216" /><testcase classname="backend.tests.backend_test" name="test_patch_settings_username_taken_returns_400" time="0.442" /><testcase classname="backend.tests.backend_test" name="test_register_two_users_same_name_unique_usernames" time="0.669" /><testcase classname="backend.tests.backend_test" name="test_public_profile_404_when_private" time="0.436" /><testcase classname="backend.tests.backend_test" name="test_public_profile_returns_data_when_public" time="0.306" /><testcase classname="backend.tests.backend_test" name="test_public_titles_strips_notes" time="0.614" /><testcase classname="backend.tests.backend_test" name="test_extension_scan_auto_accept_creates_title_directly" time="0.896" /><testcase classname="backend.tests.backend_test" name="test_extension_scan_without_auto_accept_creates_only_pending" time="0.958" /></testsuite></testsuites>